Making all in bindings
make[1]: Entering directory '/media/dimmus/dev/x/xde-classic/xde-motif/bindings'
make[1]: Nothing to be done for 'all'.
make[1]: Leaving directory '/media/dimmus/dev/x/xde-classic/xde-motif/bindings'
Making all in bitmaps
make[1]: Entering directory '/media/dimmus/dev/x/xde-classic/xde-motif/bitmaps'
make[1]: Nothing to be done for 'all'.
make[1]: Leaving directory '/media/dimmus/dev/x/xde-classic/xde-motif/bitmaps'
Making all in config
make[1]: Entering directory '/media/dimmus/dev/x/xde-classic/xde-motif/config'
Making all in util
make[2]: Entering directory '/media/dimmus/dev/x/xde-classic/xde-motif/config/util'
make[2]: Nothing to be done for 'all'.
make[2]: Leaving directory '/media/dimmus/dev/x/xde-classic/xde-motif/config/util'
make[2]: Entering directory '/media/dimmus/dev/x/xde-classic/xde-motif/config'
make[2]: Nothing to be done for 'all-am'.
make[2]: Leaving directory '/media/dimmus/dev/x/xde-classic/xde-motif/config'
make[1]: Leaving directory '/media/dimmus/dev/x/xde-classic/xde-motif/config'
Making all in localized
make[1]: Entering directory '/media/dimmus/dev/x/xde-classic/xde-motif/localized'
Making all in util
make[2]: Entering directory '/media/dimmus/dev/x/xde-classic/xde-motif/localized/util'
make[2]: Nothing to be done for 'all'.
make[2]: Leaving directory '/media/dimmus/dev/x/xde-classic/xde-motif/localized/util'
make[2]: Entering directory '/media/dimmus/dev/x/xde-classic/xde-motif/localized'
make[2]: Nothing to be done for 'all-am'.
make[2]: Leaving directory '/media/dimmus/dev/x/xde-classic/xde-motif/localized'
make[1]: Leaving directory '/media/dimmus/dev/x/xde-classic/xde-motif/localized'
Making all in lib
make[1]: Entering directory '/media/dimmus/dev/x/xde-classic/xde-motif/lib'
Making all in Xm
make[2]: Entering directory '/media/dimmus/dev/x/xde-classic/xde-motif/lib/Xm'
make  all-am
make[3]: Entering directory '/media/dimmus/dev/x/xde-classic/xde-motif/lib/Xm'
make[3]: Leaving directory '/media/dimmus/dev/x/xde-classic/xde-motif/lib/Xm'
make[2]: Leaving directory '/media/dimmus/dev/x/xde-classic/xde-motif/lib/Xm'
Making all in Mrm
make[2]: Entering directory '/media/dimmus/dev/x/xde-classic/xde-motif/lib/Mrm'
make  all-am
make[3]: Entering directory '/media/dimmus/dev/x/xde-classic/xde-motif/lib/Mrm'
make[3]: Nothing to be done for 'all-am'.
make[3]: Leaving directory '/media/dimmus/dev/x/xde-classic/xde-motif/lib/Mrm'
make[2]: Leaving directory '/media/dimmus/dev/x/xde-classic/xde-motif/lib/Mrm'
make[2]: Entering directory '/media/dimmus/dev/x/xde-classic/xde-motif/lib'
make[2]: Nothing to be done for 'all-am'.
make[2]: Leaving directory '/media/dimmus/dev/x/xde-classic/xde-motif/lib'
make[1]: Leaving directory '/media/dimmus/dev/x/xde-classic/xde-motif/lib'
Making all in include
make[1]: Entering directory '/media/dimmus/dev/x/xde-classic/xde-motif/include'
make  all-recursive
make[2]: Entering directory '/media/dimmus/dev/x/xde-classic/xde-motif/include'
Making all in Dt
make[3]: Entering directory '/media/dimmus/dev/x/xde-classic/xde-motif/include/Dt'
make[3]: Nothing to be done for 'all'.
make[3]: Leaving directory '/media/dimmus/dev/x/xde-classic/xde-motif/include/Dt'
make[3]: Entering directory '/media/dimmus/dev/x/xde-classic/xde-motif/include'
make[3]: Leaving directory '/media/dimmus/dev/x/xde-classic/xde-motif/include'
make[2]: Leaving directory '/media/dimmus/dev/x/xde-classic/xde-motif/include'
make[1]: Leaving directory '/media/dimmus/dev/x/xde-classic/xde-motif/include'
Making all in tools
make[1]: Entering directory '/media/dimmus/dev/x/xde-classic/xde-motif/tools'
Making all in wml
make[2]: Entering directory '/media/dimmus/dev/x/xde-classic/xde-motif/tools/wml'
make[2]: Nothing to be done for 'all'.
make[2]: Leaving directory '/media/dimmus/dev/x/xde-classic/xde-motif/tools/wml'
make[2]: Entering directory '/media/dimmus/dev/x/xde-classic/xde-motif/tools'
make[2]: Nothing to be done for 'all-am'.
make[2]: Leaving directory '/media/dimmus/dev/x/xde-classic/xde-motif/tools'
make[1]: Leaving directory '/media/dimmus/dev/x/xde-classic/xde-motif/tools'
Making all in clients
make[1]: Entering directory '/media/dimmus/dev/x/xde-classic/xde-motif/clients'
Making all in xmbind
make[2]: Entering directory '/media/dimmus/dev/x/xde-classic/xde-motif/clients/xmbind'
make[2]: Nothing to be done for 'all'.
make[2]: Leaving directory '/media/dimmus/dev/x/xde-classic/xde-motif/clients/xmbind'
Making all in mwm
make[2]: Entering directory '/media/dimmus/dev/x/xde-classic/xde-motif/clients/mwm'
Making all in WmWsmLib
make[3]: Entering directory '/media/dimmus/dev/x/xde-classic/xde-motif/clients/mwm/WmWsmLib'
make[3]: Nothing to be done for 'all'.
make[3]: Leaving directory '/media/dimmus/dev/x/xde-classic/xde-motif/clients/mwm/WmWsmLib'
make[3]: Entering directory '/media/dimmus/dev/x/xde-classic/xde-motif/clients/mwm'
make[3]: Nothing to be done for 'all-am'.
make[3]: Leaving directory '/media/dimmus/dev/x/xde-classic/xde-motif/clients/mwm'
make[2]: Leaving directory '/media/dimmus/dev/x/xde-classic/xde-motif/clients/mwm'
Making all in uil
make[2]: Entering directory '/media/dimmus/dev/x/xde-classic/xde-motif/clients/uil'
test -f UilLexPars.c || ln -s ../../tools/wml/Uil.c UilLexPars.c
make  all-am
make[3]: Entering directory '/media/dimmus/dev/x/xde-classic/xde-motif/clients/uil'
test -f UilLexPars.c || ln -s ../../tools/wml/Uil.c UilLexPars.c
make[3]: Leaving directory '/media/dimmus/dev/x/xde-classic/xde-motif/clients/uil'
make[2]: Leaving directory '/media/dimmus/dev/x/xde-classic/xde-motif/clients/uil'
make[2]: Entering directory '/media/dimmus/dev/x/xde-classic/xde-motif/clients'
make[2]: Nothing to be done for 'all-am'.
make[2]: Leaving directory '/media/dimmus/dev/x/xde-classic/xde-motif/clients'
make[1]: Leaving directory '/media/dimmus/dev/x/xde-classic/xde-motif/clients'
Making all in doc
make[1]: Entering directory '/media/dimmus/dev/x/xde-classic/xde-motif/doc'
Making all in man
make[2]: Entering directory '/media/dimmus/dev/x/xde-classic/xde-motif/doc/man'
Making all in man1
make[3]: Entering directory '/media/dimmus/dev/x/xde-classic/xde-motif/doc/man/man1'
make[3]: Nothing to be done for 'all'.
make[3]: Leaving directory '/media/dimmus/dev/x/xde-classic/xde-motif/doc/man/man1'
Making all in man3
make[3]: Entering directory '/media/dimmus/dev/x/xde-classic/xde-motif/doc/man/man3'
make[3]: Nothing to be done for 'all'.
make[3]: Leaving directory '/media/dimmus/dev/x/xde-classic/xde-motif/doc/man/man3'
Making all in man4
make[3]: Entering directory '/media/dimmus/dev/x/xde-classic/xde-motif/doc/man/man4'
make[3]: Nothing to be done for 'all'.
make[3]: Leaving directory '/media/dimmus/dev/x/xde-classic/xde-motif/doc/man/man4'
Making all in man5
make[3]: Entering directory '/media/dimmus/dev/x/xde-classic/xde-motif/doc/man/man5'
make[3]: Nothing to be done for 'all'.
make[3]: Leaving directory '/media/dimmus/dev/x/xde-classic/xde-motif/doc/man/man5'
make[3]: Entering directory '/media/dimmus/dev/x/xde-classic/xde-motif/doc/man'
make[3]: Nothing to be done for 'all-am'.
make[3]: Leaving directory '/media/dimmus/dev/x/xde-classic/xde-motif/doc/man'
make[2]: Leaving directory '/media/dimmus/dev/x/xde-classic/xde-motif/doc/man'
make[2]: Entering directory '/media/dimmus/dev/x/xde-classic/xde-motif/doc'
make[2]: Nothing to be done for 'all-am'.
make[2]: Leaving directory '/media/dimmus/dev/x/xde-classic/xde-motif/doc'
make[1]: Leaving directory '/media/dimmus/dev/x/xde-classic/xde-motif/doc'
Making all in demos
make[1]: Entering directory '/media/dimmus/dev/x/xde-classic/xde-motif/demos'
Making all in lib
make[2]: Entering directory '/media/dimmus/dev/x/xde-classic/xde-motif/demos/lib'
Making all in Xmd
make[3]: Entering directory '/media/dimmus/dev/x/xde-classic/xde-motif/demos/lib/Xmd'
make[3]: Nothing to be done for 'all'.
make[3]: Leaving directory '/media/dimmus/dev/x/xde-classic/xde-motif/demos/lib/Xmd'
Making all in Wsm
make[3]: Entering directory '/media/dimmus/dev/x/xde-classic/xde-motif/demos/lib/Wsm'
make[3]: Nothing to be done for 'all'.
make[3]: Leaving directory '/media/dimmus/dev/x/xde-classic/xde-motif/demos/lib/Wsm'
Making all in Exm
make[3]: Entering directory '/media/dimmus/dev/x/xde-classic/xde-motif/demos/lib/Exm'
Making all in wml
make[4]: Entering directory '/media/dimmus/dev/x/xde-classic/xde-motif/demos/lib/Exm/wml'
rm -f UilLexPars.c	UilLexPars.h UilConst.h	UilKeyTab.h UilSymArTa.h	UilSymArTy.h	UilSymCSet.h	UilSymCtl.h UilSymEnum.h	UilSymGen.h	UilSymNam.h	UilSymRArg.h UilSymReas.h	UilTokName.h	UilUrmClas.h	UilSymChCl.h UilSymChTa.h	 wml.report wml-uil.mm
../../../../tools/wml/wmluiltok < ../../../../tools/wml/Uil.y > tokens.dat
rm -f Exm.h
ln -s ./Exm.wml ./Exm.h
gcc -E -I../../../../tools/wml Exm.h | ../../../../tools/wml/wml

Appending to list name AllWidgetsAndGadgets
Appending to list name AllWidgets
Appending to list name MenuWidgetsAndGadgets
Appending to list name ManagerWidgets
Parse of WML input complete
Initial validation and reference resolution complete
Class validation and inheritance complete
Created report file wml.report
Semantic validation and resolution complete
Created UilSymGen.h
Created UilSymArTy.h
Created UilSymChCl.h
Created UilSymRArg.h
Created UilUrmClas.h
Created UilConst.h
Created UilSymReas.h
Created UilSymArTa.h
Created UilSymChTa.h
Created UilSymCtl.h
Created UilSymNam.h
Created UilSymEnum.h
Created UilSymCSet.h
Created UilKeyTab.h
Created UilTokName.h
Created wml-uil.mm
WML Uil*.h and wml-uil.mm file creation complete
rm -f Exm.h
rm -f UilLexPars.c	UilLexPars.h UilConst.h	UilKeyTab.h UilSymArTa.h	UilSymArTy.h	UilSymCSet.h	UilSymCtl.h UilSymEnum.h	UilSymGen.h	UilSymNam.h	UilSymRArg.h UilSymReas.h	UilTokName.h	UilUrmClas.h	UilSymChCl.h UilSymChTa.h	 wml.report wml-uil.mm
../../../../tools/wml/wmluiltok < ../../../../tools/wml/Uil.y > tokens.dat
rm -f Exm.h
ln -s ./Exm.wml ./Exm.h
gcc -E -I../../../../tools/wml Exm.h | ../../../../tools/wml/wml

Appending to list name AllWidgetsAndGadgets
Appending to list name AllWidgets
Appending to list name MenuWidgetsAndGadgets
Appending to list name ManagerWidgets
Parse of WML input complete
Initial validation and reference resolution complete
Class validation and inheritance complete
Created report file wml.report
Semantic validation and resolution complete
Created UilSymGen.h
Created UilSymArTy.h
Created UilSymChCl.h
Created UilSymRArg.h
Created UilUrmClas.h
Created UilConst.h
Created UilSymReas.h
Created UilSymArTa.h
Created UilSymChTa.h
Created UilSymCtl.h
Created UilSymNam.h
Created UilSymEnum.h
Created UilSymCSet.h
Created UilKeyTab.h
Created UilTokName.h
Created wml-uil.mm
WML Uil*.h and wml-uil.mm file creation complete
rm -f Exm.h
./wmldbcreate -o Exm.wmd
make[4]: Leaving directory '/media/dimmus/dev/x/xde-classic/xde-motif/demos/lib/Exm/wml'
make[4]: Entering directory '/media/dimmus/dev/x/xde-classic/xde-motif/demos/lib/Exm'
make[4]: Nothing to be done for 'all-am'.
make[4]: Leaving directory '/media/dimmus/dev/x/xde-classic/xde-motif/demos/lib/Exm'
make[3]: Leaving directory '/media/dimmus/dev/x/xde-classic/xde-motif/demos/lib/Exm'
make[3]: Entering directory '/media/dimmus/dev/x/xde-classic/xde-motif/demos/lib'
make[3]: Nothing to be done for 'all-am'.
make[3]: Leaving directory '/media/dimmus/dev/x/xde-classic/xde-motif/demos/lib'
make[2]: Leaving directory '/media/dimmus/dev/x/xde-classic/xde-motif/demos/lib'
Making all in programs
make[2]: Entering directory '/media/dimmus/dev/x/xde-classic/xde-motif/demos/programs'
Making all in airport
make[3]: Entering directory '/media/dimmus/dev/x/xde-classic/xde-motif/demos/programs/airport'
make[3]: Nothing to be done for 'all'.
make[3]: Leaving directory '/media/dimmus/dev/x/xde-classic/xde-motif/demos/programs/airport'
Making all in animate
make[3]: Entering directory '/media/dimmus/dev/x/xde-classic/xde-motif/demos/programs/animate'
make[3]: Nothing to be done for 'all'.
make[3]: Leaving directory '/media/dimmus/dev/x/xde-classic/xde-motif/demos/programs/animate'
Making all in drag_and_drop
make[3]: Entering directory '/media/dimmus/dev/x/xde-classic/xde-motif/demos/programs/drag_and_drop'
make[3]: Nothing to be done for 'all'.
make[3]: Leaving directory '/media/dimmus/dev/x/xde-classic/xde-motif/demos/programs/drag_and_drop'
Making all in draw
make[3]: Entering directory '/media/dimmus/dev/x/xde-classic/xde-motif/demos/programs/draw'
make[3]: Nothing to be done for 'all'.
make[3]: Leaving directory '/media/dimmus/dev/x/xde-classic/xde-motif/demos/programs/draw'
Making all in earth
make[3]: Entering directory '/media/dimmus/dev/x/xde-classic/xde-motif/demos/programs/earth'
make[3]: Nothing to be done for 'all'.
make[3]: Leaving directory '/media/dimmus/dev/x/xde-classic/xde-motif/demos/programs/earth'
Making all in filemanager
make[3]: Entering directory '/media/dimmus/dev/x/xde-classic/xde-motif/demos/programs/filemanager'
make[3]: Nothing to be done for 'all'.
make[3]: Leaving directory '/media/dimmus/dev/x/xde-classic/xde-motif/demos/programs/filemanager'
Making all in fileview
make[3]: Entering directory '/media/dimmus/dev/x/xde-classic/xde-motif/demos/programs/fileview'
make[3]: Nothing to be done for 'all'.
make[3]: Leaving directory '/media/dimmus/dev/x/xde-classic/xde-motif/demos/programs/fileview'
Making all in getsubres
make[3]: Entering directory '/media/dimmus/dev/x/xde-classic/xde-motif/demos/programs/getsubres'
make[3]: Nothing to be done for 'all'.
make[3]: Leaving directory '/media/dimmus/dev/x/xde-classic/xde-motif/demos/programs/getsubres'
Making all in hellomotif
make[3]: Entering directory '/media/dimmus/dev/x/xde-classic/xde-motif/demos/programs/hellomotif'
make[3]: Nothing to be done for 'all'.
make[3]: Leaving directory '/media/dimmus/dev/x/xde-classic/xde-motif/demos/programs/hellomotif'
Making all in i18ninput
make[3]: Entering directory '/media/dimmus/dev/x/xde-classic/xde-motif/demos/programs/i18ninput'
make[3]: Nothing to be done for 'all'.
make[3]: Leaving directory '/media/dimmus/dev/x/xde-classic/xde-motif/demos/programs/i18ninput'
Making all in panner
make[3]: Entering directory '/media/dimmus/dev/x/xde-classic/xde-motif/demos/programs/panner'
make[3]: Nothing to be done for 'all'.
make[3]: Leaving directory '/media/dimmus/dev/x/xde-classic/xde-motif/demos/programs/panner'
Making all in periodic
make[3]: Entering directory '/media/dimmus/dev/x/xde-classic/xde-motif/demos/programs/periodic'
make[3]: Nothing to be done for 'all'.
make[3]: Leaving directory '/media/dimmus/dev/x/xde-classic/xde-motif/demos/programs/periodic'
Making all in piano
make[3]: Entering directory '/media/dimmus/dev/x/xde-classic/xde-motif/demos/programs/piano'
make[3]: Nothing to be done for 'all'.
make[3]: Leaving directory '/media/dimmus/dev/x/xde-classic/xde-motif/demos/programs/piano'
Making all in popups
make[3]: Entering directory '/media/dimmus/dev/x/xde-classic/xde-motif/demos/programs/popups'
make[3]: Nothing to be done for 'all'.
make[3]: Leaving directory '/media/dimmus/dev/x/xde-classic/xde-motif/demos/programs/popups'
Making all in sampler2_0
make[3]: Entering directory '/media/dimmus/dev/x/xde-classic/xde-motif/demos/programs/sampler2_0'
make[3]: Nothing to be done for 'all'.
make[3]: Leaving directory '/media/dimmus/dev/x/xde-classic/xde-motif/demos/programs/sampler2_0'
Making all in setdate
make[3]: Entering directory '/media/dimmus/dev/x/xde-classic/xde-motif/demos/programs/setdate'
make[3]: Nothing to be done for 'all'.
make[3]: Leaving directory '/media/dimmus/dev/x/xde-classic/xde-motif/demos/programs/setdate'
Making all in Exm
make[3]: Entering directory '/media/dimmus/dev/x/xde-classic/xde-motif/demos/programs/Exm'
Making all in app_in_c
make[4]: Entering directory '/media/dimmus/dev/x/xde-classic/xde-motif/demos/programs/Exm/app_in_c'
make[4]: Nothing to be done for 'all'.
make[4]: Leaving directory '/media/dimmus/dev/x/xde-classic/xde-motif/demos/programs/Exm/app_in_c'
Making all in simple_app
make[4]: Entering directory '/media/dimmus/dev/x/xde-classic/xde-motif/demos/programs/Exm/simple_app'
make[4]: Nothing to be done for 'all'.
make[4]: Leaving directory '/media/dimmus/dev/x/xde-classic/xde-motif/demos/programs/Exm/simple_app'
Making all in app_in_uil
make[4]: Entering directory '/media/dimmus/dev/x/xde-classic/xde-motif/demos/programs/Exm/app_in_uil'
make[4]: Nothing to be done for 'all'.
make[4]: Leaving directory '/media/dimmus/dev/x/xde-classic/xde-motif/demos/programs/Exm/app_in_uil'
make[4]: Entering directory '/media/dimmus/dev/x/xde-classic/xde-motif/demos/programs/Exm'
make[4]: Nothing to be done for 'all-am'.
make[4]: Leaving directory '/media/dimmus/dev/x/xde-classic/xde-motif/demos/programs/Exm'
make[3]: Leaving directory '/media/dimmus/dev/x/xde-classic/xde-motif/demos/programs/Exm'
Making all in todo
make[3]: Entering directory '/media/dimmus/dev/x/xde-classic/xde-motif/demos/programs/todo'
make[3]: Nothing to be done for 'all'.
make[3]: Leaving directory '/media/dimmus/dev/x/xde-classic/xde-motif/demos/programs/todo'
Making all in workspace
make[3]: Entering directory '/media/dimmus/dev/x/xde-classic/xde-motif/demos/programs/workspace'
make[3]: Nothing to be done for 'all'.
make[3]: Leaving directory '/media/dimmus/dev/x/xde-classic/xde-motif/demos/programs/workspace'
Making all in hellomotifi18n
make[3]: Entering directory '/media/dimmus/dev/x/xde-classic/xde-motif/demos/programs/hellomotifi18n'
Making all in C
make[4]: Entering directory '/media/dimmus/dev/x/xde-classic/xde-motif/demos/programs/hellomotifi18n/C'
Making all in uid
make[5]: Entering directory '/media/dimmus/dev/x/xde-classic/xde-motif/demos/programs/hellomotifi18n/C/uid'
make[5]: Nothing to be done for 'all'.
make[5]: Leaving directory '/media/dimmus/dev/x/xde-classic/xde-motif/demos/programs/hellomotifi18n/C/uid'
make[5]: Entering directory '/media/dimmus/dev/x/xde-classic/xde-motif/demos/programs/hellomotifi18n/C'
make[5]: Nothing to be done for 'all-am'.
make[5]: Leaving directory '/media/dimmus/dev/x/xde-classic/xde-motif/demos/programs/hellomotifi18n/C'
make[4]: Leaving directory '/media/dimmus/dev/x/xde-classic/xde-motif/demos/programs/hellomotifi18n/C'
Making all in english
make[4]: Entering directory '/media/dimmus/dev/x/xde-classic/xde-motif/demos/programs/hellomotifi18n/english'
Making all in uid
make[5]: Entering directory '/media/dimmus/dev/x/xde-classic/xde-motif/demos/programs/hellomotifi18n/english/uid'
make[5]: Nothing to be done for 'all'.
make[5]: Leaving directory '/media/dimmus/dev/x/xde-classic/xde-motif/demos/programs/hellomotifi18n/english/uid'
make[5]: Entering directory '/media/dimmus/dev/x/xde-classic/xde-motif/demos/programs/hellomotifi18n/english'
make[5]: Nothing to be done for 'all-am'.
make[5]: Leaving directory '/media/dimmus/dev/x/xde-classic/xde-motif/demos/programs/hellomotifi18n/english'
make[4]: Leaving directory '/media/dimmus/dev/x/xde-classic/xde-motif/demos/programs/hellomotifi18n/english'
Making all in french
make[4]: Entering directory '/media/dimmus/dev/x/xde-classic/xde-motif/demos/programs/hellomotifi18n/french'
Making all in uid
make[5]: Entering directory '/media/dimmus/dev/x/xde-classic/xde-motif/demos/programs/hellomotifi18n/french/uid'
make[5]: Nothing to be done for 'all'.
make[5]: Leaving directory '/media/dimmus/dev/x/xde-classic/xde-motif/demos/programs/hellomotifi18n/french/uid'
make[5]: Entering directory '/media/dimmus/dev/x/xde-classic/xde-motif/demos/programs/hellomotifi18n/french'
make[5]: Nothing to be done for 'all-am'.
make[5]: Leaving directory '/media/dimmus/dev/x/xde-classic/xde-motif/demos/programs/hellomotifi18n/french'
make[4]: Leaving directory '/media/dimmus/dev/x/xde-classic/xde-motif/demos/programs/hellomotifi18n/french'
Making all in hebrew
make[4]: Entering directory '/media/dimmus/dev/x/xde-classic/xde-motif/demos/programs/hellomotifi18n/hebrew'
Making all in uid
make[5]: Entering directory '/media/dimmus/dev/x/xde-classic/xde-motif/demos/programs/hellomotifi18n/hebrew/uid'
make[5]: Nothing to be done for 'all'.
make[5]: Leaving directory '/media/dimmus/dev/x/xde-classic/xde-motif/demos/programs/hellomotifi18n/hebrew/uid'
make[5]: Entering directory '/media/dimmus/dev/x/xde-classic/xde-motif/demos/programs/hellomotifi18n/hebrew'
make[5]: Nothing to be done for 'all-am'.
make[5]: Leaving directory '/media/dimmus/dev/x/xde-classic/xde-motif/demos/programs/hellomotifi18n/hebrew'
make[4]: Leaving directory '/media/dimmus/dev/x/xde-classic/xde-motif/demos/programs/hellomotifi18n/hebrew'
Making all in japan
make[4]: Entering directory '/media/dimmus/dev/x/xde-classic/xde-motif/demos/programs/hellomotifi18n/japan'
Making all in uid
make[5]: Entering directory '/media/dimmus/dev/x/xde-classic/xde-motif/demos/programs/hellomotifi18n/japan/uid'
make[5]: Nothing to be done for 'all'.
make[5]: Leaving directory '/media/dimmus/dev/x/xde-classic/xde-motif/demos/programs/hellomotifi18n/japan/uid'
make[5]: Entering directory '/media/dimmus/dev/x/xde-classic/xde-motif/demos/programs/hellomotifi18n/japan'
make[5]: Nothing to be done for 'all-am'.
make[5]: Leaving directory '/media/dimmus/dev/x/xde-classic/xde-motif/demos/programs/hellomotifi18n/japan'
make[4]: Leaving directory '/media/dimmus/dev/x/xde-classic/xde-motif/demos/programs/hellomotifi18n/japan'
Making all in japanese
make[4]: Entering directory '/media/dimmus/dev/x/xde-classic/xde-motif/demos/programs/hellomotifi18n/japanese'
Making all in uid
make[5]: Entering directory '/media/dimmus/dev/x/xde-classic/xde-motif/demos/programs/hellomotifi18n/japanese/uid'
make[5]: Nothing to be done for 'all'.
make[5]: Leaving directory '/media/dimmus/dev/x/xde-classic/xde-motif/demos/programs/hellomotifi18n/japanese/uid'
make[5]: Entering directory '/media/dimmus/dev/x/xde-classic/xde-motif/demos/programs/hellomotifi18n/japanese'
make[5]: Nothing to be done for 'all-am'.
make[5]: Leaving directory '/media/dimmus/dev/x/xde-classic/xde-motif/demos/programs/hellomotifi18n/japanese'
make[4]: Leaving directory '/media/dimmus/dev/x/xde-classic/xde-motif/demos/programs/hellomotifi18n/japanese'
Making all in swedish
make[4]: Entering directory '/media/dimmus/dev/x/xde-classic/xde-motif/demos/programs/hellomotifi18n/swedish'
Making all in uid
make[5]: Entering directory '/media/dimmus/dev/x/xde-classic/xde-motif/demos/programs/hellomotifi18n/swedish/uid'
make[5]: Nothing to be done for 'all'.
make[5]: Leaving directory '/media/dimmus/dev/x/xde-classic/xde-motif/demos/programs/hellomotifi18n/swedish/uid'
make[5]: Entering directory '/media/dimmus/dev/x/xde-classic/xde-motif/demos/programs/hellomotifi18n/swedish'
make[5]: Nothing to be done for 'all-am'.
make[5]: Leaving directory '/media/dimmus/dev/x/xde-classic/xde-motif/demos/programs/hellomotifi18n/swedish'
make[4]: Leaving directory '/media/dimmus/dev/x/xde-classic/xde-motif/demos/programs/hellomotifi18n/swedish'
make[4]: Entering directory '/media/dimmus/dev/x/xde-classic/xde-motif/demos/programs/hellomotifi18n'
make[4]: Nothing to be done for 'all-am'.
make[4]: Leaving directory '/media/dimmus/dev/x/xde-classic/xde-motif/demos/programs/hellomotifi18n'
make[3]: Leaving directory '/media/dimmus/dev/x/xde-classic/xde-motif/demos/programs/hellomotifi18n'
Making all in tooltips
make[3]: Entering directory '/media/dimmus/dev/x/xde-classic/xde-motif/demos/programs/tooltips'
make[3]: Nothing to be done for 'all'.
make[3]: Leaving directory '/media/dimmus/dev/x/xde-classic/xde-motif/demos/programs/tooltips'
Making all in ButtonBox
make[3]: Entering directory '/media/dimmus/dev/x/xde-classic/xde-motif/demos/programs/ButtonBox'
make[3]: Nothing to be done for 'all'.
make[3]: Leaving directory '/media/dimmus/dev/x/xde-classic/xde-motif/demos/programs/ButtonBox'
Making all in Column
make[3]: Entering directory '/media/dimmus/dev/x/xde-classic/xde-motif/demos/programs/Column'
make[3]: Nothing to be done for 'all'.
make[3]: Leaving directory '/media/dimmus/dev/x/xde-classic/xde-motif/demos/programs/Column'
Making all in FontSel
make[3]: Entering directory '/media/dimmus/dev/x/xde-classic/xde-motif/demos/programs/FontSel'
make[3]: Nothing to be done for 'all'.
make[3]: Leaving directory '/media/dimmus/dev/x/xde-classic/xde-motif/demos/programs/FontSel'
Making all in Outline
make[3]: Entering directory '/media/dimmus/dev/x/xde-classic/xde-motif/demos/programs/Outline'
make[3]: Nothing to be done for 'all'.
make[3]: Leaving directory '/media/dimmus/dev/x/xde-classic/xde-motif/demos/programs/Outline'
Making all in TabStack
make[3]: Entering directory '/media/dimmus/dev/x/xde-classic/xde-motif/demos/programs/TabStack'
make[3]: Nothing to be done for 'all'.
make[3]: Leaving directory '/media/dimmus/dev/x/xde-classic/xde-motif/demos/programs/TabStack'
Making all in Tree
make[3]: Entering directory '/media/dimmus/dev/x/xde-classic/xde-motif/demos/programs/Tree'
make[3]: Nothing to be done for 'all'.
make[3]: Leaving directory '/media/dimmus/dev/x/xde-classic/xde-motif/demos/programs/Tree'
Making all in ColorSel
make[3]: Entering directory '/media/dimmus/dev/x/xde-classic/xde-motif/demos/programs/ColorSel'
make[3]: Nothing to be done for 'all'.
make[3]: Leaving directory '/media/dimmus/dev/x/xde-classic/xde-motif/demos/programs/ColorSel'
Making all in Combo2
make[3]: Entering directory '/media/dimmus/dev/x/xde-classic/xde-motif/demos/programs/Combo2'
make[3]: Nothing to be done for 'all'.
make[3]: Leaving directory '/media/dimmus/dev/x/xde-classic/xde-motif/demos/programs/Combo2'
Making all in Ext18List
make[3]: Entering directory '/media/dimmus/dev/x/xde-classic/xde-motif/demos/programs/Ext18List'
Making all in pixmaps
make[4]: Entering directory '/media/dimmus/dev/x/xde-classic/xde-motif/demos/programs/Ext18List/pixmaps'
make[4]: Nothing to be done for 'all'.
make[4]: Leaving directory '/media/dimmus/dev/x/xde-classic/xde-motif/demos/programs/Ext18List/pixmaps'
make[4]: Entering directory '/media/dimmus/dev/x/xde-classic/xde-motif/demos/programs/Ext18List'
make[4]: Nothing to be done for 'all-am'.
make[4]: Leaving directory '/media/dimmus/dev/x/xde-classic/xde-motif/demos/programs/Ext18List'
make[3]: Leaving directory '/media/dimmus/dev/x/xde-classic/xde-motif/demos/programs/Ext18List'
Making all in IconB
make[3]: Entering directory '/media/dimmus/dev/x/xde-classic/xde-motif/demos/programs/IconB'
make[3]: Nothing to be done for 'all'.
make[3]: Leaving directory '/media/dimmus/dev/x/xde-classic/xde-motif/demos/programs/IconB'
Making all in Paned
make[3]: Entering directory '/media/dimmus/dev/x/xde-classic/xde-motif/demos/programs/Paned'
make[3]: Nothing to be done for 'all'.
make[3]: Leaving directory '/media/dimmus/dev/x/xde-classic/xde-motif/demos/programs/Paned'
Making all in pixmaps
make[3]: Entering directory '/media/dimmus/dev/x/xde-classic/xde-motif/demos/programs/pixmaps'
make[3]: Nothing to be done for 'all'.
make[3]: Leaving directory '/media/dimmus/dev/x/xde-classic/xde-motif/demos/programs/pixmaps'
make[3]: Entering directory '/media/dimmus/dev/x/xde-classic/xde-motif/demos/programs'
make[3]: Nothing to be done for 'all-am'.
make[3]: Leaving directory '/media/dimmus/dev/x/xde-classic/xde-motif/demos/programs'
make[2]: Leaving directory '/media/dimmus/dev/x/xde-classic/xde-motif/demos/programs'
Making all in unsupported
make[2]: Entering directory '/media/dimmus/dev/x/xde-classic/xde-motif/demos/unsupported'
Making all in dainput
make[3]: Entering directory '/media/dimmus/dev/x/xde-classic/xde-motif/demos/unsupported/dainput'
make[3]: Nothing to be done for 'all'.
make[3]: Leaving directory '/media/dimmus/dev/x/xde-classic/xde-motif/demos/unsupported/dainput'
Making all in hellomotif
make[3]: Entering directory '/media/dimmus/dev/x/xde-classic/xde-motif/demos/unsupported/hellomotif'
make[3]: Nothing to be done for 'all'.
make[3]: Leaving directory '/media/dimmus/dev/x/xde-classic/xde-motif/demos/unsupported/hellomotif'
Making all in xmapdef
make[3]: Entering directory '/media/dimmus/dev/x/xde-classic/xde-motif/demos/unsupported/xmapdef'
make[3]: Nothing to be done for 'all'.
make[3]: Leaving directory '/media/dimmus/dev/x/xde-classic/xde-motif/demos/unsupported/xmapdef'
Making all in xmfonts
make[3]: Entering directory '/media/dimmus/dev/x/xde-classic/xde-motif/demos/unsupported/xmfonts'
make[3]: Nothing to be done for 'all'.
make[3]: Leaving directory '/media/dimmus/dev/x/xde-classic/xde-motif/demos/unsupported/xmfonts'
Making all in xmforc
make[3]: Entering directory '/media/dimmus/dev/x/xde-classic/xde-motif/demos/unsupported/xmforc'
make[3]: Nothing to be done for 'all'.
make[3]: Leaving directory '/media/dimmus/dev/x/xde-classic/xde-motif/demos/unsupported/xmforc'
Making all in xmform
make[3]: Entering directory '/media/dimmus/dev/x/xde-classic/xde-motif/demos/unsupported/xmform'
make[3]: Nothing to be done for 'all'.
make[3]: Leaving directory '/media/dimmus/dev/x/xde-classic/xde-motif/demos/unsupported/xmform'
Making all in Exm
make[3]: Entering directory '/media/dimmus/dev/x/xde-classic/xde-motif/demos/unsupported/Exm'
make[3]: Nothing to be done for 'all'.
make[3]: Leaving directory '/media/dimmus/dev/x/xde-classic/xde-motif/demos/unsupported/Exm'
Making all in aicon
make[3]: Entering directory '/media/dimmus/dev/x/xde-classic/xde-motif/demos/unsupported/aicon'
make[3]: Nothing to be done for 'all'.
make[3]: Leaving directory '/media/dimmus/dev/x/xde-classic/xde-motif/demos/unsupported/aicon'
Making all in dogs
make[3]: Entering directory '/media/dimmus/dev/x/xde-classic/xde-motif/demos/unsupported/dogs'
make[3]: Nothing to be done for 'all'.
make[3]: Leaving directory '/media/dimmus/dev/x/xde-classic/xde-motif/demos/unsupported/dogs'
Making all in uilsymdump
make[3]: Entering directory '/media/dimmus/dev/x/xde-classic/xde-motif/demos/unsupported/uilsymdump'
make[3]: Nothing to be done for 'all'.
make[3]: Leaving directory '/media/dimmus/dev/x/xde-classic/xde-motif/demos/unsupported/uilsymdump'
Making all in motifshell
make[3]: Entering directory '/media/dimmus/dev/x/xde-classic/xde-motif/demos/unsupported/motifshell'
make[3]: Nothing to be done for 'all'.
make[3]: Leaving directory '/media/dimmus/dev/x/xde-classic/xde-motif/demos/unsupported/motifshell'
make[3]: Entering directory '/media/dimmus/dev/x/xde-classic/xde-motif/demos/unsupported'
make[3]: Nothing to be done for 'all-am'.
make[3]: Leaving directory '/media/dimmus/dev/x/xde-classic/xde-motif/demos/unsupported'
make[2]: Leaving directory '/media/dimmus/dev/x/xde-classic/xde-motif/demos/unsupported'
Making all in doc
make[2]: Entering directory '/media/dimmus/dev/x/xde-classic/xde-motif/demos/doc'
Making all in programGuide
make[3]: Entering directory '/media/dimmus/dev/x/xde-classic/xde-motif/demos/doc/programGuide'
Making all in ch05
make[4]: Entering directory '/media/dimmus/dev/x/xde-classic/xde-motif/demos/doc/programGuide/ch05'
Making all in Scale
make[5]: Entering directory '/media/dimmus/dev/x/xde-classic/xde-motif/demos/doc/programGuide/ch05/Scale'
make[5]: Nothing to be done for 'all'.
make[5]: Leaving directory '/media/dimmus/dev/x/xde-classic/xde-motif/demos/doc/programGuide/ch05/Scale'
make[5]: Entering directory '/media/dimmus/dev/x/xde-classic/xde-motif/demos/doc/programGuide/ch05'
make[5]: Nothing to be done for 'all-am'.
make[5]: Leaving directory '/media/dimmus/dev/x/xde-classic/xde-motif/demos/doc/programGuide/ch05'
make[4]: Leaving directory '/media/dimmus/dev/x/xde-classic/xde-motif/demos/doc/programGuide/ch05'
Making all in ch06
make[4]: Entering directory '/media/dimmus/dev/x/xde-classic/xde-motif/demos/doc/programGuide/ch06'
Making all in combo_box
make[5]: Entering directory '/media/dimmus/dev/x/xde-classic/xde-motif/demos/doc/programGuide/ch06/combo_box'
make[5]: Nothing to be done for 'all'.
make[5]: Leaving directory '/media/dimmus/dev/x/xde-classic/xde-motif/demos/doc/programGuide/ch06/combo_box'
Making all in spin_box
make[5]: Entering directory '/media/dimmus/dev/x/xde-classic/xde-motif/demos/doc/programGuide/ch06/spin_box'
make[5]: Nothing to be done for 'all'.
make[5]: Leaving directory '/media/dimmus/dev/x/xde-classic/xde-motif/demos/doc/programGuide/ch06/spin_box'
make[5]: Entering directory '/media/dimmus/dev/x/xde-classic/xde-motif/demos/doc/programGuide/ch06'
make[5]: Nothing to be done for 'all-am'.
make[5]: Leaving directory '/media/dimmus/dev/x/xde-classic/xde-motif/demos/doc/programGuide/ch06'
make[4]: Leaving directory '/media/dimmus/dev/x/xde-classic/xde-motif/demos/doc/programGuide/ch06'
Making all in ch08
make[4]: Entering directory '/media/dimmus/dev/x/xde-classic/xde-motif/demos/doc/programGuide/ch08'
Making all in Container
make[5]: Entering directory '/media/dimmus/dev/x/xde-classic/xde-motif/demos/doc/programGuide/ch08/Container'
make[5]: Nothing to be done for 'all'.
make[5]: Leaving directory '/media/dimmus/dev/x/xde-classic/xde-motif/demos/doc/programGuide/ch08/Container'
Making all in Notebook
make[5]: Entering directory '/media/dimmus/dev/x/xde-classic/xde-motif/demos/doc/programGuide/ch08/Notebook'
make[5]: Nothing to be done for 'all'.
make[5]: Leaving directory '/media/dimmus/dev/x/xde-classic/xde-motif/demos/doc/programGuide/ch08/Notebook'
make[5]: Entering directory '/media/dimmus/dev/x/xde-classic/xde-motif/demos/doc/programGuide/ch08'
make[5]: Nothing to be done for 'all-am'.
make[5]: Leaving directory '/media/dimmus/dev/x/xde-classic/xde-motif/demos/doc/programGuide/ch08'
make[4]: Leaving directory '/media/dimmus/dev/x/xde-classic/xde-motif/demos/doc/programGuide/ch08'
Making all in ch16
make[4]: Entering directory '/media/dimmus/dev/x/xde-classic/xde-motif/demos/doc/programGuide/ch16'
make[4]: Nothing to be done for 'all'.
make[4]: Leaving directory '/media/dimmus/dev/x/xde-classic/xde-motif/demos/doc/programGuide/ch16'
Making all in ch17
make[4]: Entering directory '/media/dimmus/dev/x/xde-classic/xde-motif/demos/doc/programGuide/ch17'
Making all in simple_drag
make[5]: Entering directory '/media/dimmus/dev/x/xde-classic/xde-motif/demos/doc/programGuide/ch17/simple_drag'
make[5]: Nothing to be done for 'all'.
make[5]: Leaving directory '/media/dimmus/dev/x/xde-classic/xde-motif/demos/doc/programGuide/ch17/simple_drag'
Making all in simple_drop
make[5]: Entering directory '/media/dimmus/dev/x/xde-classic/xde-motif/demos/doc/programGuide/ch17/simple_drop'
make[5]: Nothing to be done for 'all'.
make[5]: Leaving directory '/media/dimmus/dev/x/xde-classic/xde-motif/demos/doc/programGuide/ch17/simple_drop'
make[5]: Entering directory '/media/dimmus/dev/x/xde-classic/xde-motif/demos/doc/programGuide/ch17'
make[5]: Nothing to be done for 'all-am'.
make[5]: Leaving directory '/media/dimmus/dev/x/xde-classic/xde-motif/demos/doc/programGuide/ch17'
make[4]: Leaving directory '/media/dimmus/dev/x/xde-classic/xde-motif/demos/doc/programGuide/ch17'
make[4]: Entering directory '/media/dimmus/dev/x/xde-classic/xde-motif/demos/doc/programGuide'
make[4]: Nothing to be done for 'all-am'.
make[4]: Leaving directory '/media/dimmus/dev/x/xde-classic/xde-motif/demos/doc/programGuide'
make[3]: Leaving directory '/media/dimmus/dev/x/xde-classic/xde-motif/demos/doc/programGuide'
make[3]: Entering directory '/media/dimmus/dev/x/xde-classic/xde-motif/demos/doc'
make[3]: Nothing to be done for 'all-am'.
make[3]: Leaving directory '/media/dimmus/dev/x/xde-classic/xde-motif/demos/doc'
make[2]: Leaving directory '/media/dimmus/dev/x/xde-classic/xde-motif/demos/doc'
make[2]: Entering directory '/media/dimmus/dev/x/xde-classic/xde-motif/demos'
make[2]: Nothing to be done for 'all-am'.
make[2]: Leaving directory '/media/dimmus/dev/x/xde-classic/xde-motif/demos'
make[1]: Leaving directory '/media/dimmus/dev/x/xde-classic/xde-motif/demos'
make[1]: Entering directory '/media/dimmus/dev/x/xde-classic/xde-motif'
make[1]: Nothing to be done for 'all-am'.
make[1]: Leaving directory '/media/dimmus/dev/x/xde-classic/xde-motif'
